Using pre-set license
Built from '2020.3/staging' branch; Version is '2020.3.4f1 (0abb6314276a) revision 703331'; Using compiler version '192528614'; Build Type 'Release'
OS: 'Windows 10 Home; OS build 19044.1526; Version 2009; 64bit' Language: 'ko' Physical Memory: 16313 MB
BatchMode: 1, IsHumanControllingUs: 0, StartBugReporterOnCrash: 0, Is64bit: 1, IsPro: 0

 COMMAND LINE ARGUMENTS:
C:\Program Files\Unity\Hub\Editor\2020.3.4f1\Editor\Unity.exe
-adb2
-batchMode
-noUpm
-name
AssetImportWorker0
-projectPath
C:/Users/haeji/AmongbearUs
-logFile
Logs/AssetImportWorker0.log
-srvPort
55294
Successfully changed project path to: C:/Users/haeji/AmongbearUs
C:/Users/haeji/AmongbearUs
Using Asset Import Pipeline V2.
Refreshing native plugins compatible for Editor in 53.30 ms, found 1 plugins.
Preloading 0 native plugins for Editor in 0.00 ms.
Initialize engine version: 2020.3.4f1 (0abb6314276a)
[Subsystems] Discovering subsystems at path C:/Program Files/Unity/Hub/Editor/2020.3.4f1/Editor/Data/Resources/UnitySubsystems
[Subsystems] Discovering subsystems at path C:/Users/haeji/AmongbearUs/Assets
GfxDevice: creating device client; threaded=0
Direct3D:
    Version:  Direct3D 11.0 [level 11.1]
    Renderer: NVIDIA GeForce RTX 2070 (ID=0x1f02)
    Vendor:   
    VRAM:     8031 MB
    Driver:   30.0.15.1123
Initialize mono
Mono path[0] = 'C:/Program Files/Unity/Hub/Editor/2020.3.4f1/Editor/Data/Managed'
Mono path[1] = 'C:/Program Files/Unity/Hub/Editor/2020.3.4f1/Editor/Data/MonoBleedingEdge/lib/mono/unityjit'
Mono config path = 'C:/Program Files/Unity/Hub/Editor/2020.3.4f1/Editor/Data/MonoBleedingEdge/etc'
Using monoOptions --debugger-agent=transport=dt_socket,embedding=1,server=y,suspend=n,address=127.0.0.1:56160
Begin MonoManager ReloadAssembly
Registering precompiled unity dll's ...
Register platform support module: C:/Program Files/Unity/Hub/Editor/2020.3.4f1/Editor/Data/PlaybackEngines/WindowsStandaloneSupport/UnityEditor.WindowsStandalone.Extensions.dll
Registered in 0.004606 seconds.
Native extension for WindowsStandalone target not found
Refreshing native plugins compatible for Editor in 54.89 ms, found 1 plugins.
Preloading 0 native plugins for Editor in 0.00 ms.
Mono: successfully reloaded assembly
- Completed reload, in  3.372 seconds
Platform modules already initialized, skipping
Registering precompiled user dll's ...
Registered in 0.003375 seconds.
Begin MonoManager ReloadAssembly
Native extension for WindowsStandalone target not found
Refreshing native plugins compatible for Editor in 49.76 ms, found 1 plugins.
Preloading 0 native plugins for Editor in 0.00 ms.
Mono: successfully reloaded assembly
- Completed reload, in  1.374 seconds
Platform modules already initialized, skipping
========================================================================
Worker process is ready to serve import requests
Launched and connected shader compiler UnityShaderCompiler.exe after 0.06 seconds
Refreshing native plugins compatible for Editor in 0.42 ms, found 1 plugins.
Preloading 0 native plugins for Editor in 0.00 ms.
Unloading 1813 Unused Serialized files (Serialized files now loaded: 0)
System memory in use before: 87.8 MB.
System memory in use after: 87.7 MB.

Unloading 24 unused Assets to reduce memory usage. Loaded Objects now: 2257.
Total: 2.943200 ms (FindLiveObjects: 0.394700 ms CreateObjectMapping: 0.137000 ms MarkObjects: 2.260100 ms  DeleteObjects: 0.149600 ms)

========================================================================
Received Import Request.
  path: Assets/1.Scripts/Player/PlayerCtrl.cs
  artifactKey: Guid(25754c2ed46f8414484d609ccaab6b65) Importer(815301076,1909f56bfc062723c751e8b465ee728b)
Start importing Assets/1.Scripts/Player/PlayerCtrl.cs using Guid(25754c2ed46f8414484d609ccaab6b65) Importer(815301076,1909f56bfc062723c751e8b465ee728b)  -> (artifact id: 'aa5bc147100a8dafafb5e015f8ad698f') in 0.069977 seconds
  Import took 0.073645 seconds .

========================================================================
Received Import Request.
  Time since last request: 73.766126 seconds.
  path: Assets/1.Scripts/Player/PlayerCtrl.cs
  artifactKey: Guid(25754c2ed46f8414484d609ccaab6b65) Importer(815301076,1909f56bfc062723c751e8b465ee728b)
Start importing Assets/1.Scripts/Player/PlayerCtrl.cs using Guid(25754c2ed46f8414484d609ccaab6b65) Importer(815301076,1909f56bfc062723c751e8b465ee728b)  -> (artifact id: 'a3619487fcdfe1783302dd4fde21a8f1') in 0.015830 seconds
  Import took 0.022182 seconds .

========================================================================
Received Import Request.
  Time since last request: 0.003560 seconds.
  path: Assets/1.Scripts/Player/PlayerCtrl.cs
  artifactKey: Guid(25754c2ed46f8414484d609ccaab6b65) Importer(815301076,1909f56bfc062723c751e8b465ee728b)
Start importing Assets/1.Scripts/Player/PlayerCtrl.cs using Guid(25754c2ed46f8414484d609ccaab6b65) Importer(815301076,1909f56bfc062723c751e8b465ee728b)  -> (artifact id: 'a3619487fcdfe1783302dd4fde21a8f1') in 0.017111 seconds
  Import took 0.021786 seconds .

========================================================================
Received Prepare
Registering precompiled user dll's ...
Registered in 0.002762 seconds.
Begin MonoManager ReloadAssembly
Native extension for WindowsStandalone target not found
Refreshing native plugins compatible for Editor in 0.42 ms, found 1 plugins.
Preloading 0 native plugins for Editor in 0.00 ms.
Mono: successfully reloaded assembly
- Completed reload, in  1.148 seconds
Platform modules already initialized, skipping
Switching build target platform(5) subTarget(0) extendedPlatform(0) -> platform(13) subTarget(537395200) extendedPlatform(0)
Refreshing native plugins compatible for Editor in 0.40 ms, found 1 plugins.
Preloading 0 native plugins for Editor in 0.00 ms.
Unloading 1811 Unused Serialized files (Serialized files now loaded: 0)
System memory in use before: 87.7 MB.
System memory in use after: 87.7 MB.

Unloading 12 unused Assets to reduce memory usage. Loaded Objects now: 2261.
Total: 2.617500 ms (FindLiveObjects: 0.210300 ms CreateObjectMapping: 0.124100 ms MarkObjects: 2.170000 ms  DeleteObjects: 0.111500 ms)

AssetImportParameters requested are different than current active one (requested -> active):
  custom:graphics/normal-map-encoding: 01000000000000000000000000000000 -> 02000000000000000000000000000000
========================================================================
Received Prepare
Registering precompiled user dll's ...
Registered in 0.002700 seconds.
Begin MonoManager ReloadAssembly
Native extension for WindowsStandalone target not found
Refreshing native plugins compatible for Editor in 0.39 ms, found 1 plugins.
Preloading 0 native plugins for Editor in 0.00 ms.
Mono: successfully reloaded assembly
- Completed reload, in  1.187 seconds
Platform modules already initialized, skipping
Switching build target platform(5) subTarget(0) extendedPlatform(0) -> platform(13) subTarget(537395200) extendedPlatform(0)
Refreshing native plugins compatible for Editor in 0.41 ms, found 1 plugins.
Preloading 0 native plugins for Editor in 0.00 ms.
Unloading 1811 Unused Serialized files (Serialized files now loaded: 0)
System memory in use before: 87.8 MB.
System memory in use after: 87.8 MB.

Unloading 12 unused Assets to reduce memory usage. Loaded Objects now: 2265.
Total: 3.089800 ms (FindLiveObjects: 0.241700 ms CreateObjectMapping: 0.090600 ms MarkObjects: 2.616200 ms  DeleteObjects: 0.139200 ms)

AssetImportParameters requested are different than current active one (requested -> active):
  custom:graphics/normal-map-encoding: 01000000000000000000000000000000 -> 02000000000000000000000000000000
========================================================================
Received Prepare
Registering precompiled user dll's ...
Registered in 0.002778 seconds.
Begin MonoManager ReloadAssembly
Native extension for WindowsStandalone target not found
Refreshing native plugins compatible for Editor in 0.40 ms, found 1 plugins.
Preloading 0 native plugins for Editor in 0.00 ms.
Mono: successfully reloaded assembly
- Completed reload, in  1.166 seconds
Platform modules already initialized, skipping
Switching build target platform(5) subTarget(0) extendedPlatform(0) -> platform(13) subTarget(537395200) extendedPlatform(0)
Refreshing native plugins compatible for Editor in 0.39 ms, found 1 plugins.
Preloading 0 native plugins for Editor in 0.00 ms.
Unloading 1811 Unused Serialized files (Serialized files now loaded: 0)
System memory in use before: 87.8 MB.
System memory in use after: 87.8 MB.

Unloading 12 unused Assets to reduce memory usage. Loaded Objects now: 2269.
Total: 2.726200 ms (FindLiveObjects: 0.301200 ms CreateObjectMapping: 0.086800 ms MarkObjects: 2.215800 ms  DeleteObjects: 0.120700 ms)

AssetImportParameters requested are different than current active one (requested -> active):
  custom:graphics/normal-map-encoding: 01000000000000000000000000000000 -> 02000000000000000000000000000000
========================================================================
Received Import Request.
  Time since last request: 640.477013 seconds.
  path: Assets/3. Animations/Mission_Down.anim
  artifactKey: Guid(5432782690f2fad4bb06fda99f6bd46d) Importer(815301076,1909f56bfc062723c751e8b465ee728b)
Start importing Assets/3. Animations/Mission_Down.anim using Guid(5432782690f2fad4bb06fda99f6bd46d) Importer(815301076,1909f56bfc062723c751e8b465ee728b)  -> (artifact id: '638bcc29cd77269c2234a6c83c7b1d1a') in 0.028287 seconds
  Import took 0.032418 seconds .

========================================================================
Received Import Request.
  Time since last request: 5.994521 seconds.
  path: Assets/3. Animations/Mission_Up.anim
  artifactKey: Guid(99c3fc14c4dc6304ba25a5542e0d9b28) Importer(815301076,1909f56bfc062723c751e8b465ee728b)
Start importing Assets/3. Animations/Mission_Up.anim using Guid(99c3fc14c4dc6304ba25a5542e0d9b28) Importer(815301076,1909f56bfc062723c751e8b465ee728b)  -> (artifact id: '09abe72bba43f0345b2100f94df3abf3') in 0.026507 seconds
  Import took 0.031325 seconds .

========================================================================
Received Import Request.
  Time since last request: 0.002712 seconds.
  path: Assets/3. Animations/Mission_Up.anim
  artifactKey: Guid(99c3fc14c4dc6304ba25a5542e0d9b28) Importer(815301076,1909f56bfc062723c751e8b465ee728b)
Start importing Assets/3. Animations/Mission_Up.anim using Guid(99c3fc14c4dc6304ba25a5542e0d9b28) Importer(815301076,1909f56bfc062723c751e8b465ee728b)  -> (artifact id: '09abe72bba43f0345b2100f94df3abf3') in 0.005726 seconds
  Import took 0.008926 seconds .

========================================================================
Received Import Request.
  Time since last request: 29.380149 seconds.
  path: Assets/3. Animations/MissionUI.controller
  artifactKey: Guid(b498c114cd1e359469c4bdfd3181cf4c) Importer(815301076,1909f56bfc062723c751e8b465ee728b)
Start importing Assets/3. Animations/MissionUI.controller using Guid(b498c114cd1e359469c4bdfd3181cf4c) Importer(815301076,1909f56bfc062723c751e8b465ee728b)  -> (artifact id: '70e35005f8450319b3e2a02baad239aa') in 0.059037 seconds
  Import took 0.068719 seconds .

========================================================================
Received Import Request.
  Time since last request: 203.589537 seconds.
  path: Assets/1.Scripts/Mission1.cs
  artifactKey: Guid(e3ae37df7a0ca124fac604b38e16033b) Importer(815301076,1909f56bfc062723c751e8b465ee728b)
Start importing Assets/1.Scripts/Mission1.cs using Guid(e3ae37df7a0ca124fac604b38e16033b) Importer(815301076,1909f56bfc062723c751e8b465ee728b)  -> (artifact id: 'b85c4999aa112bb6ad142bf031bd9575') in 0.013254 seconds
  Import took 0.017058 seconds .

========================================================================
Received Prepare
Registering precompiled user dll's ...
Registered in 0.006034 seconds.
Begin MonoManager ReloadAssembly
Native extension for WindowsStandalone target not found
Refreshing native plugins compatible for Editor in 0.71 ms, found 1 plugins.
Preloading 0 native plugins for Editor in 0.00 ms.
Mono: successfully reloaded assembly
- Completed reload, in  2.458 seconds
Platform modules already initialized, skipping
Switching build target platform(5) subTarget(0) extendedPlatform(0) -> platform(13) subTarget(537395200) extendedPlatform(0)
Refreshing native plugins compatible for Editor in 0.64 ms, found 1 plugins.
Preloading 0 native plugins for Editor in 0.00 ms.
Unloading 1812 Unused Serialized files (Serialized files now loaded: 0)
System memory in use before: 87.9 MB.
System memory in use after: 87.9 MB.

Unloading 12 unused Assets to reduce memory usage. Loaded Objects now: 2274.
Total: 3.640000 ms (FindLiveObjects: 0.373800 ms CreateObjectMapping: 0.162000 ms MarkObjects: 2.919400 ms  DeleteObjects: 0.182700 ms)

AssetImportParameters requested are different than current active one (requested -> active):
  custom:graphics/normal-map-encoding: 01000000000000000000000000000000 -> 02000000000000000000000000000000
========================================================================
Received Prepare
Registering precompiled user dll's ...
Registered in 0.003091 seconds.
Begin MonoManager ReloadAssembly
Native extension for WindowsStandalone target not found
Refreshing native plugins compatible for Editor in 0.42 ms, found 1 plugins.
Preloading 0 native plugins for Editor in 0.00 ms.
Mono: successfully reloaded assembly
- Completed reload, in  1.217 seconds
Platform modules already initialized, skipping
Switching build target platform(5) subTarget(0) extendedPlatform(0) -> platform(13) subTarget(537395200) extendedPlatform(0)
Refreshing native plugins compatible for Editor in 0.41 ms, found 1 plugins.
Preloading 0 native plugins for Editor in 0.00 ms.
Unloading 1812 Unused Serialized files (Serialized files now loaded: 0)
System memory in use before: 87.9 MB.
System memory in use after: 87.9 MB.

Unloading 12 unused Assets to reduce memory usage. Loaded Objects now: 2278.
Total: 2.429100 ms (FindLiveObjects: 0.209300 ms CreateObjectMapping: 0.083700 ms MarkObjects: 2.018000 ms  DeleteObjects: 0.116900 ms)

AssetImportParameters requested are different than current active one (requested -> active):
  custom:graphics/normal-map-encoding: 01000000000000000000000000000000 -> 02000000000000000000000000000000
========================================================================
Received Import Request.
  Time since last request: 381.310273 seconds.
  path: Assets/Resources/Character.prefab
  artifactKey: Guid(2b3c13d1902c6ac4abaad843ee62644e) Importer(815301076,1909f56bfc062723c751e8b465ee728b)
Start importing Assets/Resources/Character.prefab using Guid(2b3c13d1902c6ac4abaad843ee62644e) Importer(815301076,1909f56bfc062723c751e8b465ee728b)  -> (artifact id: '04f649494fce2e9cc77548045d3b6c99') in 0.245210 seconds
  Import took 0.251031 seconds .

========================================================================
Received Prepare
Registering precompiled user dll's ...
Registered in 0.002769 seconds.
Begin MonoManager ReloadAssembly
Native extension for WindowsStandalone target not found
Refreshing native plugins compatible for Editor in 0.40 ms, found 1 plugins.
Preloading 0 native plugins for Editor in 0.00 ms.
Mono: successfully reloaded assembly
- Completed reload, in  1.165 seconds
Platform modules already initialized, skipping
Switching build target platform(5) subTarget(0) extendedPlatform(0) -> platform(13) subTarget(537395200) extendedPlatform(0)
Refreshing native plugins compatible for Editor in 0.39 ms, found 1 plugins.
Preloading 0 native plugins for Editor in 0.00 ms.
Unloading 1812 Unused Serialized files (Serialized files now loaded: 0)
System memory in use before: 92.0 MB.
System memory in use after: 92.0 MB.

Unloading 13 unused Assets to reduce memory usage. Loaded Objects now: 2291.
Total: 2.593400 ms (FindLiveObjects: 0.219100 ms CreateObjectMapping: 0.084700 ms MarkObjects: 2.171100 ms  DeleteObjects: 0.117400 ms)

AssetImportParameters requested are different than current active one (requested -> active):
  custom:graphics/normal-map-encoding: 01000000000000000000000000000000 -> 02000000000000000000000000000000
AssetImportWorkerClient::OnTransportError - code=2 error=End of file
